# JRE version: OpenJDK Runtime Environment (8.0_152-b02) (build 1.8.0_152-release-1024-b02)
# Java VM: OpenJDK 64-Bit Server VM (25.152-b02 mixed mode windows-amd64 compressed oops)
Heap:
 PSYoungGen      total 655360K, used 224549K [0x000000076ab00000, 0x00000007a1180000, 0x00000007c0000000)
  eden space 516096K, 43% used [0x000000076ab00000,0x0000000778649568,0x000000078a300000)
  from space 139264K, 0% used [0x000000078a300000,0x000000078a300000,0x0000000792b00000)
  to   space 135680K, 0% used [0x0000000798d00000,0x0000000798d00000,0x00000007a1180000)
 ParOldGen       total 719872K, used 373157K [0x00000006c0000000, 0x00000006ebf00000, 0x000000076ab00000)
  object space 719872K, 51% used [0x00000006c0000000,0x00000006d6c695e0,0x00000006ebf00000)
 Metaspace       used 6778K, capacity 7320K, committed 7680K, reserved 1056768K
  class space    used 617K, capacity 656K, committed 768K, reserved 1048576K
GC Heap History (10 events):
Event: 7.337 GC heap before
{Heap before GC invocations=14 (full 2):
 PSYoungGen      total 564224K, used 518236K [0x000000076ab00000, 0x0000000799f00000, 0x00000007c0000000)
  eden space 448000K, 100% used [0x000000076ab00000,0x0000000786080000,0x0000000786080000)
  from space 116224K, 60% used [0x0000000786080000,0x000000078a517100,0x000000078d200000)
  to   space 118784K, 0% used [0x0000000792b00000,0x0000000792b00000,0x0000000799f00000)
 ParOldGen       total 373248K, used 245207K [0x00000006c0000000, 0x00000006d6c80000, 0x000000076ab00000)
  object space 373248K, 65% used [0x00000006c0000000,0x00000006cef75e38,0x00000006d6c80000)
 Metaspace       used 6766K, capacity 7320K, committed 7680K, reserved 1056768K
  class space    used 616K, capacity 656K, committed 768K, reserved 1048576K
Event: 7.425 GC heap after
Heap after GC invocations=14 (full 2):
 PSYoungGen      total 634880K, used 118783K [0x000000076ab00000, 0x000000079c580000, 0x00000007c0000000)
  eden space 516096K, 0% used [0x000000076ab00000,0x000000076ab00000,0x000000078a300000)
  from space 118784K, 99% used [0x0000000792b00000,0x0000000799efff68,0x0000000799f00000)
  to   space 139264K, 0% used [0x000000078a300000,0x000000078a300000,0x0000000792b00000)
 ParOldGen       total 373248K, used 247584K [0x00000006c0000000, 0x00000006d6c80000, 0x000000076ab00000)
  object space 373248K, 66% used [0x00000006c0000000,0x00000006cf1c80d0,0x00000006d6c80000)
 Metaspace       used 6766K, capacity 7320K, committed 7680K, reserved 1056768K
  class space    used 616K, capacity 656K, committed 768K, reserved 1048576K
}
Event: 8.378 GC heap before
{Heap before GC invocations=15 (full 2):
 PSYoungGen      total 634880K, used 634879K [0x000000076ab00000, 0x000000079c580000, 0x00000007c0000000)
  eden space 516096K, 100% used [0x000000076ab00000,0x000000078a300000,0x000000078a300000)
  from space 118784K, 99% used [0x0000000792b00000,0x0000000799efff68,0x0000000799f00000)
  to   space 139264K, 0% used [0x000000078a300000,0x000000078a300000,0x0000000792b00000)
 ParOldGen       total 373248K, used 247584K [0x00000006c0000000, 0x00000006d6c80000, 0x000000076ab00000)
  object space 373248K, 66% used [0x00000006c0000000,0x00000006cf1c80d0,0x00000006d6c80000)
 Metaspace       used 6772K, capacity 7320K, committed 7680K, reserved 1056768K
  class space    used 616K, capacity 656K, committed 768K, reserved 1048576K
Event: 8.524 GC heap after
Heap after GC invocations=15 (full 2):
 PSYoungGen      total 655360K, used 67584K [0x000000076ab00000, 0x00000007a1180000, 0x00000007c0000000)
  eden space 516096K, 0% used [0x000000076ab00000,0x000000076ab00000,0x000000078a300000)
  from space 139264K, 48% used [0x000000078a300000,0x000000078e5000f8,0x0000000792b00000)
  to   space 135680K, 0% used [0x0000000798d00000,0x0000000798d00000,0x00000007a1180000)
 ParOldGen       total 373248K, used 365438K [0x00000006c0000000, 0x00000006d6c80000, 0x000000076ab00000)
  object space 373248K, 97% used [0x00000006c0000000,0x00000006d64df8a0,0x00000006d6c80000)
 Metaspace       used 6772K, capacity 7320K, committed 7680K, reserved 1056768K
  class space    used 616K, capacity 656K, committed 768K, reserved 1048576K
}
Event: 8.524 GC heap before
{Heap before GC invocations=16 (full 3):
 PSYoungGen      total 655360K, used 67584K [0x000000076ab00000, 0x00000007a1180000, 0x00000007c0000000)
  eden space 516096K, 0% used [0x000000076ab00000,0x000000076ab00000,0x000000078a300000)
  from space 139264K, 48% used [0x000000078a300000,0x000000078e5000f8,0x0000000792b00000)
  to   space 135680K, 0% used [0x0000000798d00000,0x0000000798d00000,0x00000007a1180000)
 ParOldGen       total 373248K, used 365438K [0x00000006c0000000, 0x00000006d6c80000, 0x000000076ab00000)
  object space 373248K, 97% used [0x00000006c0000000,0x00000006d64df8a0,0x00000006d6c80000)
 Metaspace       used 6772K, capacity 7320K, committed 7680K, reserved 1056768K
  class space    used 616K, capacity 656K, committed 768K, reserved 1048576K
Event: 10.002 GC heap after
Heap after GC invocations=16 (full 3):
 PSYoungGen      total 655360K, used 52198K [0x000000076ab00000, 0x00000007a1180000, 0x00000007c0000000)
  eden space 516096K, 0% used [0x000000076ab00000,0x000000076ab00000,0x000000078a300000)
  from space 139264K, 37% used [0x000000078a300000,0x000000078d5f9a60,0x0000000792b00000)
  to   space 135680K, 0% used [0x0000000798d00000,0x0000000798d00000,0x00000007a1180000)
 ParOldGen       total 373248K, used 373097K [0x00000006c0000000, 0x00000006d6c80000, 0x000000076ab00000)
  object space 373248K, 99% used [0x00000006c0000000,0x00000006d6c5a490,0x00000006d6c80000)
 Metaspace       used 6772K, capacity 7320K, committed 7680K, reserved 1056768K
  class space    used 616K, capacity 656K, committed 768K, reserved 1048576K
}
Event: 10.926 GC heap before
{Heap before GC invocations=17 (full 4):
 PSYoungGen      total 655360K, used 568294K [0x000000076ab00000, 0x00000007a1180000, 0x00000007c0000000)
  eden space 516096K, 100% used [0x000000076ab00000,0x000000078a300000,0x000000078a300000)
  from space 139264K, 37% used [0x000000078a300000,0x000000078d5f9a60,0x0000000792b00000)
  to   space 135680K, 0% used [0x0000000798d00000,0x0000000798d00000,0x00000007a1180000)
 ParOldGen       total 373248K, used 373097K [0x00000006c0000000, 0x00000006d6c80000, 0x000000076ab00000)
  object space 373248K, 99% used [0x00000006c0000000,0x00000006d6c5a490,0x00000006d6c80000)
 Metaspace       used 6777K, capacity 7320K, committed 7680K, reserved 1056768K
  class space    used 617K, capacity 656K, committed 768K, reserved 1048576K
Event: 13.307 GC heap after
Heap after GC invocations=17 (full 4):
 PSYoungGen      total 655360K, used 124819K [0x000000076ab00000, 0x00000007a1180000, 0x00000007c0000000)
  eden space 516096K, 24% used [0x000000076ab00000,0x00000007724e4ff8,0x000000078a300000)
  from space 139264K, 0% used [0x000000078a300000,0x000000078a300000,0x0000000792b00000)
  to   space 135680K, 0% used [0x0000000798d00000,0x0000000798d00000,0x00000007a1180000)
 ParOldGen       total 373248K, used 373165K [0x00000006c0000000, 0x00000006d6c80000, 0x000000076ab00000)
  object space 373248K, 99% used [0x00000006c0000000,0x00000006d6c6b528,0x00000006d6c80000)
 Metaspace       used 6777K, capacity 7320K, committed 7680K, reserved 1056768K
  class space    used 617K, capacity 656K, committed 768K, reserved 1048576K
}
Event: 13.741 GC heap before
{Heap before GC invocations=18 (full 5):
 PSYoungGen      total 655360K, used 516096K [0x000000076ab00000, 0x00000007a1180000, 0x00000007c0000000)
  eden space 516096K, 100% used [0x000000076ab00000,0x000000078a300000,0x000000078a300000)
  from space 139264K, 0% used [0x000000078a300000,0x000000078a300000,0x0000000792b00000)
  to   space 135680K, 0% used [0x0000000798d00000,0x0000000798d00000,0x00000007a1180000)
 ParOldGen       total 373248K, used 373165K [0x00000006c0000000, 0x00000006d6c80000, 0x000000076ab00000)
  object space 373248K, 99% used [0x00000006c0000000,0x00000006d6c6b528,0x00000006d6c80000)
 Metaspace       used 6778K, capacity 7320K, committed 7680K, reserved 1056768K
  class space    used 617K, capacity 656K, committed 768K, reserved 1048576K
Event: 15.231 GC heap after
Heap after GC invocations=18 (full 5):
 PSYoungGen      total 655360K, used 170422K [0x000000076ab00000, 0x00000007a1180000, 0x00000007c0000000)
  eden space 516096K, 33% used [0x000000076ab00000,0x000000077516d820,0x000000078a300000)
  from space 139264K, 0% used [0x000000078a300000,0x000000078a300000,0x0000000792b00000)
  to   space 135680K, 0% used [0x0000000798d00000,0x0000000798d00000,0x00000007a1180000)
 ParOldGen       total 719872K, used 373157K [0x00000006c0000000, 0x00000006ebf00000, 0x000000076ab00000)
  object space 719872K, 51% used [0x00000006c0000000,0x00000006d6c695e0,0x00000006ebf00000)
 Metaspace       used 6778K, capacity 7320K, committed 7680K, reserved 1056768K
  class space    used 617K, capacity 656K, committed 768K, reserved 1048576K
}

