# JRE version: OpenJDK Runtime Environment (8.0_152-b02) (build 1.8.0_152-release-1024-b02)
# Java VM: OpenJDK 64-Bit Server VM (25.152-b02 mixed mode windows-amd64 compressed oops)
Heap:
 PSYoungGen      total 113152K, used 39508K [0x00000000eab00000, 0x00000000fcb00000, 0x0000000100000000)
  eden space 108032K, 31% used [0x00000000eab00000,0x00000000ecc9bdf0,0x00000000f1480000)
  from space 5120K, 99% used [0x00000000f1480000,0x00000000f19793f8,0x00000000f1980000)
  to   space 61440K, 0% used [0x00000000f8f00000,0x00000000f8f00000,0x00000000fcb00000)
 ParOldGen       total 137216K, used 32205K [0x00000000c0000000, 0x00000000c8600000, 0x00000000eab00000)
  object space 137216K, 23% used [0x00000000c0000000,0x00000000c1f73418,0x00000000c8600000)
 Metaspace       used 4801K, capacity 5464K, committed 5760K, reserved 1056768K
  class space    used 494K, capacity 528K, committed 640K, reserved 1048576K
GC Heap History (10 events):
Event: 0.398 GC heap before
{Heap before GC invocations=2 (full 0):
 PSYoungGen      total 38400K, used 38379K [0x00000000eab00000, 0x00000000ef600000, 0x0000000100000000)
  eden space 33280K, 100% used [0x00000000eab00000,0x00000000ecb80000,0x00000000ecb80000)
  from space 5120K, 99% used [0x00000000ecb80000,0x00000000ed07aeb0,0x00000000ed080000)
  to   space 5120K, 0% used [0x00000000ef100000,0x00000000ef100000,0x00000000ef600000)
 ParOldGen       total 87552K, used 4906K [0x00000000c0000000, 0x00000000c5580000, 0x00000000eab00000)
  object space 87552K, 5% used [0x00000000c0000000,0x00000000c04cab68,0x00000000c5580000)
 Metaspace       used 3973K, capacity 4944K, committed 5120K, reserved 1056768K
  class space    used 413K, capacity 456K, committed 512K, reserved 1048576K
Event: 0.416 GC heap after
Heap after GC invocations=2 (full 0):
 PSYoungGen      total 71680K, used 5119K [0x00000000eab00000, 0x00000000ef600000, 0x0000000100000000)
  eden space 66560K, 0% used [0x00000000eab00000,0x00000000eab00000,0x00000000eec00000)
  from space 5120K, 99% used [0x00000000ef100000,0x00000000ef5ffc08,0x00000000ef600000)
  to   space 5120K, 0% used [0x00000000eec00000,0x00000000eec00000,0x00000000ef100000)
 ParOldGen       total 87552K, used 63475K [0x00000000c0000000, 0x00000000c5580000, 0x00000000eab00000)
  object space 87552K, 72% used [0x00000000c0000000,0x00000000c3dfcc38,0x00000000c5580000)
 Metaspace       used 3973K, capacity 4944K, committed 5120K, reserved 1056768K
  class space    used 413K, capacity 456K, committed 512K, reserved 1048576K
}
Event: 0.416 GC heap before
{Heap before GC invocations=3 (full 1):
 PSYoungGen      total 71680K, used 5119K [0x00000000eab00000, 0x00000000ef600000, 0x0000000100000000)
  eden space 66560K, 0% used [0x00000000eab00000,0x00000000eab00000,0x00000000eec00000)
  from space 5120K, 99% used [0x00000000ef100000,0x00000000ef5ffc08,0x00000000ef600000)
  to   space 5120K, 0% used [0x00000000eec00000,0x00000000eec00000,0x00000000ef100000)
 ParOldGen       total 87552K, used 63475K [0x00000000c0000000, 0x00000000c5580000, 0x00000000eab00000)
  object space 87552K, 72% used [0x00000000c0000000,0x00000000c3dfcc38,0x00000000c5580000)
 Metaspace       used 3973K, capacity 4944K, committed 5120K, reserved 1056768K
  class space    used 413K, capacity 456K, committed 512K, reserved 1048576K
Event: 0.427 GC heap after
Heap after GC invocations=3 (full 1):
 PSYoungGen      total 71680K, used 0K [0x00000000eab00000, 0x00000000ef600000, 0x0000000100000000)
  eden space 66560K, 0% used [0x00000000eab00000,0x00000000eab00000,0x00000000eec00000)
  from space 5120K, 0% used [0x00000000ef100000,0x00000000ef100000,0x00000000ef600000)
  to   space 5120K, 0% used [0x00000000eec00000,0x00000000eec00000,0x00000000ef100000)
 ParOldGen       total 137216K, used 22099K [0x00000000c0000000, 0x00000000c8600000, 0x00000000eab00000)
  object space 137216K, 16% used [0x00000000c0000000,0x00000000c1594df8,0x00000000c8600000)
 Metaspace       used 3973K, capacity 4944K, committed 5120K, reserved 1056768K
  class space    used 413K, capacity 456K, committed 512K, reserved 1048576K
}
Event: 0.895 GC heap before
{Heap before GC invocations=4 (full 1):
 PSYoungGen      total 71680K, used 66560K [0x00000000eab00000, 0x00000000ef600000, 0x0000000100000000)
  eden space 66560K, 100% used [0x00000000eab00000,0x00000000eec00000,0x00000000eec00000)
  from space 5120K, 0% used [0x00000000ef100000,0x00000000ef100000,0x00000000ef600000)
  to   space 5120K, 0% used [0x00000000eec00000,0x00000000eec00000,0x00000000ef100000)
 ParOldGen       total 137216K, used 22099K [0x00000000c0000000, 0x00000000c8600000, 0x00000000eab00000)
  object space 137216K, 16% used [0x00000000c0000000,0x00000000c1594df8,0x00000000c8600000)
 Metaspace       used 4543K, capacity 5424K, committed 5632K, reserved 1056768K
  class space    used 465K, capacity 488K, committed 512K, reserved 1048576K
Event: 0.900 GC heap after
Heap after GC invocations=4 (full 1):
 PSYoungGen      total 71680K, used 4117K [0x00000000eab00000, 0x00000000f2000000, 0x0000000100000000)
  eden space 66560K, 0% used [0x00000000eab00000,0x00000000eab00000,0x00000000eec00000)
  from space 5120K, 80% used [0x00000000eec00000,0x00000000ef005450,0x00000000ef100000)
  to   space 5120K, 0% used [0x00000000f1b00000,0x00000000f1b00000,0x00000000f2000000)
 ParOldGen       total 137216K, used 22363K [0x00000000c0000000, 0x00000000c8600000, 0x00000000eab00000)
  object space 137216K, 16% used [0x00000000c0000000,0x00000000c15d6e10,0x00000000c8600000)
 Metaspace       used 4543K, capacity 5424K, committed 5632K, reserved 1056768K
  class space    used 465K, capacity 488K, committed 512K, reserved 1048576K
}
Event: 1.073 GC heap before
{Heap before GC invocations=5 (full 1):
 PSYoungGen      total 71680K, used 70677K [0x00000000eab00000, 0x00000000f2000000, 0x0000000100000000)
  eden space 66560K, 100% used [0x00000000eab00000,0x00000000eec00000,0x00000000eec00000)
  from space 5120K, 80% used [0x00000000eec00000,0x00000000ef005450,0x00000000ef100000)
  to   space 5120K, 0% used [0x00000000f1b00000,0x00000000f1b00000,0x00000000f2000000)
 ParOldGen       total 137216K, used 22363K [0x00000000c0000000, 0x00000000c8600000, 0x00000000eab00000)
  object space 137216K, 16% used [0x00000000c0000000,0x00000000c15d6e10,0x00000000c8600000)
 Metaspace       used 4571K, capacity 5424K, committed 5632K, reserved 1056768K
  class space    used 465K, capacity 488K, committed 512K, reserved 1048576K
Event: 1.077 GC heap after
Heap after GC invocations=5 (full 1):
 PSYoungGen      total 111616K, used 3536K [0x00000000eab00000, 0x00000000f1e80000, 0x0000000100000000)
  eden space 108032K, 0% used [0x00000000eab00000,0x00000000eab00000,0x00000000f1480000)
  from space 3584K, 98% used [0x00000000f1b00000,0x00000000f1e74010,0x00000000f1e80000)
  to   space 5120K, 0% used [0x00000000f1480000,0x00000000f1480000,0x00000000f1980000)
 ParOldGen       total 137216K, used 22371K [0x00000000c0000000, 0x00000000c8600000, 0x00000000eab00000)
  object space 137216K, 16% used [0x00000000c0000000,0x00000000c15d8e10,0x00000000c8600000)
 Metaspace       used 4571K, capacity 5424K, committed 5632K, reserved 1056768K
  class space    used 465K, capacity 488K, committed 512K, reserved 1048576K
}
Event: 1.426 GC heap before
{Heap before GC invocations=6 (full 1):
 PSYoungGen      total 111616K, used 111568K [0x00000000eab00000, 0x00000000f1e80000, 0x0000000100000000)
  eden space 108032K, 100% used [0x00000000eab00000,0x00000000f1480000,0x00000000f1480000)
  from space 3584K, 98% used [0x00000000f1b00000,0x00000000f1e74010,0x00000000f1e80000)
  to   space 5120K, 0% used [0x00000000f1480000,0x00000000f1480000,0x00000000f1980000)
 ParOldGen       total 137216K, used 22371K [0x00000000c0000000, 0x00000000c8600000, 0x00000000eab00000)
  object space 137216K, 16% used [0x00000000c0000000,0x00000000c15d8e10,0x00000000c8600000)
 Metaspace       used 4801K, capacity 5464K, committed 5760K, reserved 1056768K
  class space    used 494K, capacity 528K, committed 640K, reserved 1048576K
Event: 1.437 GC heap after
Heap after GC invocations=6 (full 1):
 PSYoungGen      total 113152K, used 5092K [0x00000000eab00000, 0x00000000fcb00000, 0x0000000100000000)
  eden space 108032K, 0% used [0x00000000eab00000,0x00000000eab00000,0x00000000f1480000)
  from space 5120K, 99% used [0x00000000f1480000,0x00000000f19793f8,0x00000000f1980000)
  to   space 61440K, 0% used [0x00000000f8f00000,0x00000000f8f00000,0x00000000fcb00000)
 ParOldGen       total 137216K, used 32205K [0x00000000c0000000, 0x00000000c8600000, 0x00000000eab00000)
  object space 137216K, 23% used [0x00000000c0000000,0x00000000c1f73418,0x00000000c8600000)
 Metaspace       used 4801K, capacity 5464K, committed 5760K, reserved 1056768K
  class space    used 494K, capacity 528K, committed 640K, reserved 1048576K
}

