# JRE version: OpenJDK Runtime Environment (8.0_152-b02) (build 1.8.0_152-release-1024-b02)
# Java VM: OpenJDK 64-Bit Server VM (25.152-b02 mixed mode windows-amd64 compressed oops)
Heap:
 PSYoungGen      total 38400K, used 32838K [0x00000000eab00000, 0x00000000ee900000, 0x0000000100000000)
  eden space 33280K, 83% used [0x00000000eab00000,0x00000000ec619ac8,0x00000000ecb80000)
  from space 5120K, 99% used [0x00000000ecb80000,0x00000000ed078028,0x00000000ed080000)
  to   space 5120K, 0% used [0x00000000ee400000,0x00000000ee400000,0x00000000ee900000)
 ParOldGen       total 57856K, used 8304K [0x00000000c0000000, 0x00000000c3880000, 0x00000000eab00000)
  object space 57856K, 14% used [0x00000000c0000000,0x00000000c081c180,0x00000000c3880000)
 Metaspace       used 6321K, capacity 7088K, committed 7296K, reserved 1058816K
  class space    used 590K, capacity 616K, committed 640K, reserved 1048576K
GC Heap History (8 events):
Event: 0.616 GC heap before
{Heap before GC invocations=1 (full 0):
 PSYoungGen      total 38400K, used 11317K [0x00000000eab00000, 0x00000000ed580000, 0x0000000100000000)
  eden space 33280K, 34% used [0x00000000eab00000,0x00000000eb60d630,0x00000000ecb80000)
  from space 5120K, 0% used [0x00000000ed080000,0x00000000ed080000,0x00000000ed580000)
  to   space 5120K, 0% used [0x00000000ecb80000,0x00000000ecb80000,0x00000000ed080000)
 ParOldGen       total 87552K, used 0K [0x00000000c0000000, 0x00000000c5580000, 0x00000000eab00000)
  object space 87552K, 0% used [0x00000000c0000000,0x00000000c0000000,0x00000000c5580000)
 Metaspace       used 5269K, capacity 6160K, committed 6272K, reserved 1060864K
  class space    used 561K, capacity 584K, committed 640K, reserved 1048576K
Event: 0.623 GC heap after
Heap after GC invocations=1 (full 0):
 PSYoungGen      total 38400K, used 3053K [0x00000000eab00000, 0x00000000ed580000, 0x0000000100000000)
  eden space 33280K, 0% used [0x00000000eab00000,0x00000000eab00000,0x00000000ecb80000)
  from space 5120K, 59% used [0x00000000ecb80000,0x00000000ece7b4a0,0x00000000ed080000)
  to   space 5120K, 0% used [0x00000000ed080000,0x00000000ed080000,0x00000000ed580000)
 ParOldGen       total 87552K, used 8K [0x00000000c0000000, 0x00000000c5580000, 0x00000000eab00000)
  object space 87552K, 0% used [0x00000000c0000000,0x00000000c0002000,0x00000000c5580000)
 Metaspace       used 5269K, capacity 6160K, committed 6272K, reserved 1060864K
  class space    used 561K, capacity 584K, committed 640K, reserved 1048576K
}
Event: 0.623 GC heap before
{Heap before GC invocations=2 (full 1):
 PSYoungGen      total 38400K, used 3053K [0x00000000eab00000, 0x00000000ed580000, 0x0000000100000000)
  eden space 33280K, 0% used [0x00000000eab00000,0x00000000eab00000,0x00000000ecb80000)
  from space 5120K, 59% used [0x00000000ecb80000,0x00000000ece7b4a0,0x00000000ed080000)
  to   space 5120K, 0% used [0x00000000ed080000,0x00000000ed080000,0x00000000ed580000)
 ParOldGen       total 87552K, used 8K [0x00000000c0000000, 0x00000000c5580000, 0x00000000eab00000)
  object space 87552K, 0% used [0x00000000c0000000,0x00000000c0002000,0x00000000c5580000)
 Metaspace       used 5269K, capacity 6160K, committed 6272K, reserved 1060864K
  class space    used 561K, capacity 584K, committed 640K, reserved 1048576K
Event: 0.636 GC heap after
Heap after GC invocations=2 (full 1):
 PSYoungGen      total 38400K, used 0K [0x00000000eab00000, 0x00000000ed580000, 0x0000000100000000)
  eden space 33280K, 0% used [0x00000000eab00000,0x00000000eab00000,0x00000000ecb80000)
  from space 5120K, 0% used [0x00000000ecb80000,0x00000000ecb80000,0x00000000ed080000)
  to   space 5120K, 0% used [0x00000000ed080000,0x00000000ed080000,0x00000000ed580000)
 ParOldGen       total 57856K, used 2783K [0x00000000c0000000, 0x00000000c3880000, 0x00000000eab00000)
  object space 57856K, 4% used [0x00000000c0000000,0x00000000c02b7e60,0x00000000c3880000)
 Metaspace       used 5269K, capacity 6160K, committed 6272K, reserved 1058816K
  class space    used 561K, capacity 584K, committed 640K, reserved 1048576K
}
Event: 1.034 GC heap before
{Heap before GC invocations=3 (full 1):
 PSYoungGen      total 38400K, used 33280K [0x00000000eab00000, 0x00000000ed580000, 0x0000000100000000)
  eden space 33280K, 100% used [0x00000000eab00000,0x00000000ecb80000,0x00000000ecb80000)
  from space 5120K, 0% used [0x00000000ecb80000,0x00000000ecb80000,0x00000000ed080000)
  to   space 5120K, 0% used [0x00000000ed080000,0x00000000ed080000,0x00000000ed580000)
 ParOldGen       total 57856K, used 2783K [0x00000000c0000000, 0x00000000c3880000, 0x00000000eab00000)
  object space 57856K, 4% used [0x00000000c0000000,0x00000000c02b7e60,0x00000000c3880000)
 Metaspace       used 6105K, capacity 6960K, committed 7040K, reserved 1058816K
  class space    used 588K, capacity 616K, committed 640K, reserved 1048576K
Event: 1.040 GC heap after
Heap after GC invocations=3 (full 1):
 PSYoungGen      total 38400K, used 5088K [0x00000000eab00000, 0x00000000ee200000, 0x0000000100000000)
  eden space 33280K, 0% used [0x00000000eab00000,0x00000000eab00000,0x00000000ecb80000)
  from space 5120K, 99% used [0x00000000ed080000,0x00000000ed578028,0x00000000ed580000)
  to   space 5120K, 0% used [0x00000000ecb80000,0x00000000ecb80000,0x00000000ed080000)
 ParOldGen       total 57856K, used 3222K [0x00000000c0000000, 0x00000000c3880000, 0x00000000eab00000)
  object space 57856K, 5% used [0x00000000c0000000,0x00000000c0325ab0,0x00000000c3880000)
 Metaspace       used 6105K, capacity 6960K, committed 7040K, reserved 1058816K
  class space    used 588K, capacity 616K, committed 640K, reserved 1048576K
}
Event: 1.176 GC heap before
{Heap before GC invocations=4 (full 1):
 PSYoungGen      total 38400K, used 38368K [0x00000000eab00000, 0x00000000ee200000, 0x0000000100000000)
  eden space 33280K, 100% used [0x00000000eab00000,0x00000000ecb80000,0x00000000ecb80000)
  from space 5120K, 99% used [0x00000000ed080000,0x00000000ed578028,0x00000000ed580000)
  to   space 5120K, 0% used [0x00000000ecb80000,0x00000000ecb80000,0x00000000ed080000)
 ParOldGen       total 57856K, used 3222K [0x00000000c0000000, 0x00000000c3880000, 0x00000000eab00000)
  object space 57856K, 5% used [0x00000000c0000000,0x00000000c0325ab0,0x00000000c3880000)
 Metaspace       used 6258K, capacity 7088K, committed 7296K, reserved 1058816K
  class space    used 589K, capacity 616K, committed 640K, reserved 1048576K
Event: 1.186 GC heap after
Heap after GC invocations=4 (full 1):
 PSYoungGen      total 38400K, used 5088K [0x00000000eab00000, 0x00000000ee900000, 0x0000000100000000)
  eden space 33280K, 0% used [0x00000000eab00000,0x00000000eab00000,0x00000000ecb80000)
  from space 5120K, 99% used [0x00000000ecb80000,0x00000000ed078028,0x00000000ed080000)
  to   space 5120K, 0% used [0x00000000ee400000,0x00000000ee400000,0x00000000ee900000)
 ParOldGen       total 57856K, used 8304K [0x00000000c0000000, 0x00000000c3880000, 0x00000000eab00000)
  object space 57856K, 14% used [0x00000000c0000000,0x00000000c081c180,0x00000000c3880000)
 Metaspace       used 6258K, capacity 7088K, committed 7296K, reserved 1058816K
  class space    used 589K, capacity 616K, committed 640K, reserved 1048576K
}

