# JRE version: OpenJDK Runtime Environment (8.0_152-b02) (build 1.8.0_152-release-1024-b02)
# Java VM: OpenJDK 64-Bit Server VM (25.152-b02 mixed mode windows-amd64 compressed oops)
Heap:
 PSYoungGen      total 38400K, used 14924K [0x00000000eab00000, 0x00000000ee700000, 0x0000000100000000)
  eden space 33280K, 29% used [0x00000000eab00000,0x00000000eb498c40,0x00000000ecb80000)
  from space 5120K, 99% used [0x00000000ecb80000,0x00000000ed07a610,0x00000000ed080000)
  to   space 5120K, 0% used [0x00000000ee200000,0x00000000ee200000,0x00000000ee700000)
 ParOldGen       total 60416K, used 7012K [0x00000000c0000000, 0x00000000c3b00000, 0x00000000eab00000)
  object space 60416K, 11% used [0x00000000c0000000,0x00000000c06d91c8,0x00000000c3b00000)
 Metaspace       used 6238K, capacity 7088K, committed 7296K, reserved 1058816K
  class space    used 589K, capacity 616K, committed 640K, reserved 1048576K
GC Heap History (8 events):
Event: 0.644 GC heap before
{Heap before GC invocations=1 (full 0):
 PSYoungGen      total 38400K, used 13314K [0x00000000eab00000, 0x00000000ed580000, 0x0000000100000000)
  eden space 33280K, 40% used [0x00000000eab00000,0x00000000eb8009d8,0x00000000ecb80000)
  from space 5120K, 0% used [0x00000000ed080000,0x00000000ed080000,0x00000000ed580000)
  to   space 5120K, 0% used [0x00000000ecb80000,0x00000000ecb80000,0x00000000ed080000)
 ParOldGen       total 87552K, used 0K [0x00000000c0000000, 0x00000000c5580000, 0x00000000eab00000)
  object space 87552K, 0% used [0x00000000c0000000,0x00000000c0000000,0x00000000c5580000)
 Metaspace       used 5250K, capacity 6160K, committed 6272K, reserved 1060864K
  class space    used 558K, capacity 584K, committed 640K, reserved 1048576K
Event: 0.658 GC heap after
Heap after GC invocations=1 (full 0):
 PSYoungGen      total 38400K, used 3031K [0x00000000eab00000, 0x00000000ed580000, 0x0000000100000000)
  eden space 33280K, 0% used [0x00000000eab00000,0x00000000eab00000,0x00000000ecb80000)
  from space 5120K, 59% used [0x00000000ecb80000,0x00000000ece75f00,0x00000000ed080000)
  to   space 5120K, 0% used [0x00000000ed080000,0x00000000ed080000,0x00000000ed580000)
 ParOldGen       total 87552K, used 8K [0x00000000c0000000, 0x00000000c5580000, 0x00000000eab00000)
  object space 87552K, 0% used [0x00000000c0000000,0x00000000c0002000,0x00000000c5580000)
 Metaspace       used 5250K, capacity 6160K, committed 6272K, reserved 1060864K
  class space    used 558K, capacity 584K, committed 640K, reserved 1048576K
}
Event: 0.658 GC heap before
{Heap before GC invocations=2 (full 1):
 PSYoungGen      total 38400K, used 3031K [0x00000000eab00000, 0x00000000ed580000, 0x0000000100000000)
  eden space 33280K, 0% used [0x00000000eab00000,0x00000000eab00000,0x00000000ecb80000)
  from space 5120K, 59% used [0x00000000ecb80000,0x00000000ece75f00,0x00000000ed080000)
  to   space 5120K, 0% used [0x00000000ed080000,0x00000000ed080000,0x00000000ed580000)
 ParOldGen       total 87552K, used 8K [0x00000000c0000000, 0x00000000c5580000, 0x00000000eab00000)
  object space 87552K, 0% used [0x00000000c0000000,0x00000000c0002000,0x00000000c5580000)
 Metaspace       used 5250K, capacity 6160K, committed 6272K, reserved 1060864K
  class space    used 558K, capacity 584K, committed 640K, reserved 1048576K
Event: 0.694 GC heap after
Heap after GC invocations=2 (full 1):
 PSYoungGen      total 38400K, used 0K [0x00000000eab00000, 0x00000000ed580000, 0x0000000100000000)
  eden space 33280K, 0% used [0x00000000eab00000,0x00000000eab00000,0x00000000ecb80000)
  from space 5120K, 0% used [0x00000000ecb80000,0x00000000ecb80000,0x00000000ed080000)
  to   space 5120K, 0% used [0x00000000ed080000,0x00000000ed080000,0x00000000ed580000)
 ParOldGen       total 60416K, used 2886K [0x00000000c0000000, 0x00000000c3b00000, 0x00000000eab00000)
  object space 60416K, 4% used [0x00000000c0000000,0x00000000c02d1938,0x00000000c3b00000)
 Metaspace       used 5250K, capacity 6160K, committed 6272K, reserved 1058816K
  class space    used 558K, capacity 584K, committed 640K, reserved 1048576K
}
Event: 1.100 GC heap before
{Heap before GC invocations=3 (full 1):
 PSYoungGen      total 38400K, used 33280K [0x00000000eab00000, 0x00000000ed580000, 0x0000000100000000)
  eden space 33280K, 100% used [0x00000000eab00000,0x00000000ecb80000,0x00000000ecb80000)
  from space 5120K, 0% used [0x00000000ecb80000,0x00000000ecb80000,0x00000000ed080000)
  to   space 5120K, 0% used [0x00000000ed080000,0x00000000ed080000,0x00000000ed580000)
 ParOldGen       total 60416K, used 2886K [0x00000000c0000000, 0x00000000c3b00000, 0x00000000eab00000)
  object space 60416K, 4% used [0x00000000c0000000,0x00000000c02d1938,0x00000000c3b00000)
 Metaspace       used 6062K, capacity 6896K, committed 7040K, reserved 1058816K
  class space    used 588K, capacity 616K, committed 640K, reserved 1048576K
Event: 1.105 GC heap after
Heap after GC invocations=3 (full 1):
 PSYoungGen      total 38400K, used 4673K [0x00000000eab00000, 0x00000000edd80000, 0x0000000100000000)
  eden space 33280K, 0% used [0x00000000eab00000,0x00000000eab00000,0x00000000ecb80000)
  from space 5120K, 91% used [0x00000000ed080000,0x00000000ed510478,0x00000000ed580000)
  to   space 5120K, 0% used [0x00000000ecb80000,0x00000000ecb80000,0x00000000ed080000)
 ParOldGen       total 60416K, used 2894K [0x00000000c0000000, 0x00000000c3b00000, 0x00000000eab00000)
  object space 60416K, 4% used [0x00000000c0000000,0x00000000c02d3938,0x00000000c3b00000)
 Metaspace       used 6062K, capacity 6896K, committed 7040K, reserved 1058816K
  class space    used 588K, capacity 616K, committed 640K, reserved 1048576K
}
Event: 1.319 GC heap before
{Heap before GC invocations=4 (full 1):
 PSYoungGen      total 38400K, used 37953K [0x00000000eab00000, 0x00000000edd80000, 0x0000000100000000)
  eden space 33280K, 100% used [0x00000000eab00000,0x00000000ecb80000,0x00000000ecb80000)
  from space 5120K, 91% used [0x00000000ed080000,0x00000000ed510478,0x00000000ed580000)
  to   space 5120K, 0% used [0x00000000ecb80000,0x00000000ecb80000,0x00000000ed080000)
 ParOldGen       total 60416K, used 2894K [0x00000000c0000000, 0x00000000c3b00000, 0x00000000eab00000)
  object space 60416K, 4% used [0x00000000c0000000,0x00000000c02d3938,0x00000000c3b00000)
 Metaspace       used 6218K, capacity 7024K, committed 7296K, reserved 1058816K
  class space    used 589K, capacity 616K, committed 640K, reserved 1048576K
Event: 1.356 GC heap after
Heap after GC invocations=4 (full 1):
 PSYoungGen      total 38400K, used 5097K [0x00000000eab00000, 0x00000000ee700000, 0x0000000100000000)
  eden space 33280K, 0% used [0x00000000eab00000,0x00000000eab00000,0x00000000ecb80000)
  from space 5120K, 99% used [0x00000000ecb80000,0x00000000ed07a610,0x00000000ed080000)
  to   space 5120K, 0% used [0x00000000ee200000,0x00000000ee200000,0x00000000ee700000)
 ParOldGen       total 60416K, used 7012K [0x00000000c0000000, 0x00000000c3b00000, 0x00000000eab00000)
  object space 60416K, 11% used [0x00000000c0000000,0x00000000c06d91c8,0x00000000c3b00000)
 Metaspace       used 6218K, capacity 7024K, committed 7296K, reserved 1058816K
  class space    used 589K, capacity 616K, committed 640K, reserved 1048576K
}

